c:\users\kiibati\source\repos\assignment1\assignment1\debug\vc141.pdb
c:\users\kiibati\source\repos\assignment1\assignment1\debug\vc141.idb
c:\users\kiibati\source\repos\assignment1\assignment1\debug\main.obj
c:\users\kiibati\source\repos\assignment1\debug\assignment1.pdb
c:\users\kiibati\source\repos\assignment1\assignment1\debug\assignment1.tlog\cl.command.1.tlog
c:\users\kiibati\source\repos\assignment1\assignment1\debug\assignment1.tlog\cl.read.1.tlog
c:\users\kiibati\source\repos\assignment1\assignment1\debug\assignment1.tlog\cl.write.1.tlog
c:\users\kiibati\source\repos\assignment1\assignment1\debug\assignment1.tlog\link-cvtres.read.1.tlog
c:\users\kiibati\source\repos\assignment1\assignment1\debug\assignment1.tlog\link-cvtres.write.1.tlog
c:\users\kiibati\source\repos\assignment1\assignment1\debug\assignment1.tlog\link-rc.read.1.tlog
c:\users\kiibati\source\repos\assignment1\assignment1\debug\assignment1.tlog\link-rc.write.1.tlog
c:\users\kiibati\source\repos\assignment1\assignment1\debug\assignment1.tlog\link.11124-cvtres.read.1.tlog
c:\users\kiibati\source\repos\assignment1\assignment1\debug\assignment1.tlog\link.11124-cvtres.write.1.tlog
c:\users\kiibati\source\repos\assignment1\assignment1\debug\assignment1.tlog\link.11124-rc.read.1.tlog
c:\users\kiibati\source\repos\assignment1\assignment1\debug\assignment1.tlog\link.11124-rc.write.1.tlog
c:\users\kiibati\source\repos\assignment1\assignment1\debug\assignment1.tlog\link.11124.read.1.tlog
c:\users\kiibati\source\repos\assignment1\assignment1\debug\assignment1.tlog\link.11124.write.1.tlog
c:\users\kiibati\source\repos\assignment1\assignment1\debug\assignment1.tlog\link.command.1.tlog
c:\users\kiibati\source\repos\assignment1\assignment1\debug\assignment1.tlog\link.read.1.tlog
c:\users\kiibati\source\repos\assignment1\assignment1\debug\assignment1.tlog\link.write.1.tlog
